[${project.name}][${env:SERVER_PORT}] 2022-12-17 19:12:51,496 [1;31mERROR[m [main][SpringApplication.java:837] - Application run failed
java.lang.IllegalStateException: Failed to execute CommandLineRunner
	at org.springframework.boot.SpringApplication.callRunner(SpringApplication.java:798)
	at org.springframework.boot.SpringApplication.callRunners(SpringApplication.java:779)
	at org.springframework.boot.SpringApplication.run(SpringApplication.java:322)
	at org.springframework.boot.SpringApplication.run(SpringApplication.java:1237)
	at org.springframework.boot.SpringApplication.run(SpringApplication.java:1226)
	at com.supbuilder.file.FileApplicationBootstrap.main(FileApplicationBootstrap.java:9)
Caused by: java.lang.reflect.UndeclaredThrowableException: Failed to invoke event listener method
HandlerMethod details: 
Bean [com.alibaba.cloud.dubbo.autoconfigure.DubboServiceRegistrationAutoConfiguration]
Method [public void com.alibaba.cloud.dubbo.autoconfigure.DubboServiceRegistrationAutoConfiguration.onDubboBootstrapStarted(com.alibaba.cloud.dubbo.bootstrap.event.DubboBootstrapStartedEvent)]
Resolved arguments: 
[0] [type=com.alibaba.cloud.dubbo.bootstrap.event.DubboBootstrapStartedEvent] [value=com.alibaba.cloud.dubbo.bootstrap.event.DubboBootstrapStartedEvent[source=com.alibaba.cloud.dubbo.bootstrap.DubboBootstrapWrapper@6b3f4bd8]]

	at org.springframework.context.event.ApplicationListenerMethodAdapter.doInvoke(ApplicationListenerMethodAdapter.java:322)
	at org.springframework.context.event.ApplicationListenerMethodAdapter.processEvent(ApplicationListenerMethodAdapter.java:190)
	at org.springframework.context.event.ApplicationListenerMethodAdapter.onApplicationEvent(ApplicationListenerMethodAdapter.java:153)
	at org.springframework.context.event.SimpleApplicationEventMulticaster.doInvokeListener(SimpleApplicationEventMulticaster.java:172)
	at org.springframework.context.event.SimpleApplicationEventMulticaster.invokeListener(SimpleApplicationEventMulticaster.java:165)
	at org.springframework.context.event.SimpleApplicationEventMulticaster.multicastEvent(SimpleApplicationEventMulticaster.java:139)
	at org.springframework.context.support.AbstractApplicationContext.publishEvent(AbstractApplicationContext.java:404)
	at org.springframework.context.support.AbstractApplicationContext.publishEvent(AbstractApplicationContext.java:361)
	at com.alibaba.cloud.dubbo.bootstrap.DubboBootstrapStartCommandLineRunner.run(DubboBootstrapStartCommandLineRunner.java:46)
	at org.springframework.boot.SpringApplication.callRunner(SpringApplication.java:795)
	... 5 more
Caused by: java.lang.NoClassDefFoundError: org/apache/commons/lang3/StringUtils
	at org.apache.dubbo.registry.nacos.NacosRegistry.appendIfPresent(NacosRegistry.java:327)
	at org.apache.dubbo.registry.nacos.NacosRegistry.getLegacySubscribedServiceName(NacosRegistry.java:319)
	at org.apache.dubbo.registry.nacos.NacosRegistry.getServiceNames0(NacosRegistry.java:280)
	at org.apache.dubbo.registry.nacos.NacosRegistry.getServiceNames(NacosRegistry.java:267)
	at org.apache.dubbo.registry.nacos.NacosRegistry.doSubscribe(NacosRegistry.java:178)
	at org.apache.dubbo.registry.support.FailbackRegistry.subscribe(FailbackRegistry.java:333)
	at org.apache.dubbo.registry.ListenerRegistryWrapper.subscribe(ListenerRegistryWrapper.java:105)
	at org.apache.dubbo.registry.integration.RegistryProtocol.export(RegistryProtocol.java:225)
	at org.apache.dubbo.rpc.protocol.ProtocolListenerWrapper.export(ProtocolListenerWrapper.java:62)
	at org.apache.dubbo.rpc.protocol.ProtocolFilterWrapper.export(ProtocolFilterWrapper.java:153)
	at org.apache.dubbo.qos.protocol.QosProtocolWrapper.export(QosProtocolWrapper.java:64)
	at org.apache.dubbo.rpc.Protocol$Adaptive.export(Protocol$Adaptive.java)
	at org.apache.dubbo.config.ServiceConfig.doExportUrlsFor1Protocol(ServiceConfig.java:492)
	at org.apache.dubbo.config.ServiceConfig.doExportUrls(ServiceConfig.java:325)
	at org.apache.dubbo.config.ServiceConfig.doExport(ServiceConfig.java:300)
	at org.apache.dubbo.config.ServiceConfig.export(ServiceConfig.java:206)
	at com.alibaba.cloud.dubbo.service.DubboMetadataServiceExporter.export(DubboMetadataServiceExporter.java:82)
	at com.alibaba.cloud.dubbo.metadata.repository.DubboServiceMetadataRepository.getDubboMetadataServiceMetadata(DubboServiceMetadataRepository.java:296)
	at com.alibaba.cloud.dubbo.autoconfigure.DubboServiceRegistrationAutoConfiguration.attachDubboMetadataServiceMetadata(DubboServiceRegistrationAutoConfiguration.java:170)
	at com.alibaba.cloud.dubbo.autoconfigure.DubboServiceRegistrationAutoConfiguration.attachDubboMetadataServiceMetadata(DubboServiceRegistrationAutoConfiguration.java:164)
	at com.alibaba.cloud.dubbo.autoconfigure.DubboServiceRegistrationAutoConfiguration.lambda$null$0(DubboServiceRegistrationAutoConfiguration.java:129)
	at java.lang.Iterable.forEach(Iterable.java:75)
	at com.alibaba.cloud.dubbo.autoconfigure.DubboServiceRegistrationAutoConfiguration.lambda$onDubboBootstrapStarted$1(DubboServiceRegistrationAutoConfiguration.java:128)
	at java.util.concurrent.ConcurrentHashMap.forEach(ConcurrentHashMap.java:1597)
	at com.alibaba.cloud.dubbo.autoconfigure.DubboServiceRegistrationAutoConfiguration.onDubboBootstrapStarted(DubboServiceRegistrationAutoConfiguration.java:127)
	at sun.reflect.NativeMethodAccessorImpl.invoke0(Native Method)
	at sun.reflect.NativeMethodAccessorImpl.invoke(NativeMethodAccessorImpl.java:62)
	at sun.reflect.DelegatingMethodAccessorImpl.invoke(DelegatingMethodAccessorImpl.java:43)
	at java.lang.reflect.Method.invoke(Method.java:498)
	at org.springframework.context.event.ApplicationListenerMethodAdapter.doInvoke(ApplicationListenerMethodAdapter.java:305)
	... 14 more
Caused by: java.lang.ClassNotFoundException: org.apache.commons.lang3.StringUtils
	at java.net.URLClassLoader.findClass(URLClassLoader.java:387)
	at java.lang.ClassLoader.loadClass(ClassLoader.java:418)
	at sun.misc.Launcher$AppClassLoader.loadClass(Launcher.java:355)
	at java.lang.ClassLoader.loadClass(ClassLoader.java:351)
	... 44 more
[${project.name}][${env:SERVER_PORT}] 2022-12-17 19:21:12,484 [1;31mERROR[m [main][SpringApplication.java:837] - Application run failed
java.lang.IllegalStateException: Failed to execute CommandLineRunner
	at org.springframework.boot.SpringApplication.callRunner(SpringApplication.java:798)
	at org.springframework.boot.SpringApplication.callRunners(SpringApplication.java:779)
	at org.springframework.boot.SpringApplication.run(SpringApplication.java:322)
	at org.springframework.boot.SpringApplication.run(SpringApplication.java:1237)
	at org.springframework.boot.SpringApplication.run(SpringApplication.java:1226)
	at com.supbuilder.file.FileApplicationBootstrap.main(FileApplicationBootstrap.java:9)
Caused by: java.lang.reflect.UndeclaredThrowableException: Failed to invoke event listener method
HandlerMethod details: 
Bean [com.alibaba.cloud.dubbo.autoconfigure.DubboServiceRegistrationAutoConfiguration]
Method [public void com.alibaba.cloud.dubbo.autoconfigure.DubboServiceRegistrationAutoConfiguration.onDubboBootstrapStarted(com.alibaba.cloud.dubbo.bootstrap.event.DubboBootstrapStartedEvent)]
Resolved arguments: 
[0] [type=com.alibaba.cloud.dubbo.bootstrap.event.DubboBootstrapStartedEvent] [value=com.alibaba.cloud.dubbo.bootstrap.event.DubboBootstrapStartedEvent[source=com.alibaba.cloud.dubbo.bootstrap.DubboBootstrapWrapper@70c491b8]]

	at org.springframework.context.event.ApplicationListenerMethodAdapter.doInvoke(ApplicationListenerMethodAdapter.java:322)
	at org.springframework.context.event.ApplicationListenerMethodAdapter.processEvent(ApplicationListenerMethodAdapter.java:190)
	at org.springframework.context.event.ApplicationListenerMethodAdapter.onApplicationEvent(ApplicationListenerMethodAdapter.java:153)
	at org.springframework.context.event.SimpleApplicationEventMulticaster.doInvokeListener(SimpleApplicationEventMulticaster.java:172)
	at org.springframework.context.event.SimpleApplicationEventMulticaster.invokeListener(SimpleApplicationEventMulticaster.java:165)
	at org.springframework.context.event.SimpleApplicationEventMulticaster.multicastEvent(SimpleApplicationEventMulticaster.java:139)
	at org.springframework.context.support.AbstractApplicationContext.publishEvent(AbstractApplicationContext.java:404)
	at org.springframework.context.support.AbstractApplicationContext.publishEvent(AbstractApplicationContext.java:361)
	at com.alibaba.cloud.dubbo.bootstrap.DubboBootstrapStartCommandLineRunner.run(DubboBootstrapStartCommandLineRunner.java:46)
	at org.springframework.boot.SpringApplication.callRunner(SpringApplication.java:795)
	... 5 more
Caused by: java.lang.NoClassDefFoundError: org/apache/commons/lang3/StringUtils
	at org.apache.dubbo.registry.nacos.NacosRegistry.appendIfPresent(NacosRegistry.java:327)
	at org.apache.dubbo.registry.nacos.NacosRegistry.getLegacySubscribedServiceName(NacosRegistry.java:319)
	at org.apache.dubbo.registry.nacos.NacosRegistry.getServiceNames0(NacosRegistry.java:280)
	at org.apache.dubbo.registry.nacos.NacosRegistry.getServiceNames(NacosRegistry.java:267)
	at org.apache.dubbo.registry.nacos.NacosRegistry.doSubscribe(NacosRegistry.java:178)
	at org.apache.dubbo.registry.support.FailbackRegistry.subscribe(FailbackRegistry.java:333)
	at org.apache.dubbo.registry.ListenerRegistryWrapper.subscribe(ListenerRegistryWrapper.java:105)
	at org.apache.dubbo.registry.integration.RegistryProtocol.export(RegistryProtocol.java:225)
	at org.apache.dubbo.rpc.protocol.ProtocolListenerWrapper.export(ProtocolListenerWrapper.java:62)
	at org.apache.dubbo.rpc.protocol.ProtocolFilterWrapper.export(ProtocolFilterWrapper.java:153)
	at org.apache.dubbo.qos.protocol.QosProtocolWrapper.export(QosProtocolWrapper.java:64)
	at org.apache.dubbo.rpc.Protocol$Adaptive.export(Protocol$Adaptive.java)
	at org.apache.dubbo.config.ServiceConfig.doExportUrlsFor1Protocol(ServiceConfig.java:492)
	at org.apache.dubbo.config.ServiceConfig.doExportUrls(ServiceConfig.java:325)
	at org.apache.dubbo.config.ServiceConfig.doExport(ServiceConfig.java:300)
	at org.apache.dubbo.config.ServiceConfig.export(ServiceConfig.java:206)
	at com.alibaba.cloud.dubbo.service.DubboMetadataServiceExporter.export(DubboMetadataServiceExporter.java:82)
	at com.alibaba.cloud.dubbo.metadata.repository.DubboServiceMetadataRepository.getDubboMetadataServiceMetadata(DubboServiceMetadataRepository.java:296)
	at com.alibaba.cloud.dubbo.autoconfigure.DubboServiceRegistrationAutoConfiguration.attachDubboMetadataServiceMetadata(DubboServiceRegistrationAutoConfiguration.java:170)
	at com.alibaba.cloud.dubbo.autoconfigure.DubboServiceRegistrationAutoConfiguration.attachDubboMetadataServiceMetadata(DubboServiceRegistrationAutoConfiguration.java:164)
	at com.alibaba.cloud.dubbo.autoconfigure.DubboServiceRegistrationAutoConfiguration.lambda$null$0(DubboServiceRegistrationAutoConfiguration.java:129)
	at java.lang.Iterable.forEach(Iterable.java:75)
	at com.alibaba.cloud.dubbo.autoconfigure.DubboServiceRegistrationAutoConfiguration.lambda$onDubboBootstrapStarted$1(DubboServiceRegistrationAutoConfiguration.java:128)
	at java.util.concurrent.ConcurrentHashMap.forEach(ConcurrentHashMap.java:1597)
	at com.alibaba.cloud.dubbo.autoconfigure.DubboServiceRegistrationAutoConfiguration.onDubboBootstrapStarted(DubboServiceRegistrationAutoConfiguration.java:127)
	at sun.reflect.NativeMethodAccessorImpl.invoke0(Native Method)
	at sun.reflect.NativeMethodAccessorImpl.invoke(NativeMethodAccessorImpl.java:62)
	at sun.reflect.DelegatingMethodAccessorImpl.invoke(DelegatingMethodAccessorImpl.java:43)
	at java.lang.reflect.Method.invoke(Method.java:498)
	at org.springframework.context.event.ApplicationListenerMethodAdapter.doInvoke(ApplicationListenerMethodAdapter.java:305)
	... 14 more
Caused by: java.lang.ClassNotFoundException: org.apache.commons.lang3.StringUtils
	at java.net.URLClassLoader.findClass(URLClassLoader.java:387)
	at java.lang.ClassLoader.loadClass(ClassLoader.java:418)
	at sun.misc.Launcher$AppClassLoader.loadClass(Launcher.java:355)
	at java.lang.ClassLoader.loadClass(ClassLoader.java:351)
	... 44 more
[${project.name}][${env:SERVER_PORT}] 2022-12-17 19:30:16,112 [1;31mERROR[m [main][SpringApplication.java:837] - Application run failed
java.lang.IllegalStateException: Failed to execute CommandLineRunner
	at org.springframework.boot.SpringApplication.callRunner(SpringApplication.java:798)
	at org.springframework.boot.SpringApplication.callRunners(SpringApplication.java:779)
	at org.springframework.boot.SpringApplication.run(SpringApplication.java:322)
	at org.springframework.boot.SpringApplication.run(SpringApplication.java:1237)
	at org.springframework.boot.SpringApplication.run(SpringApplication.java:1226)
	at com.supbuilder.file.FileApplicationBootstrap.main(FileApplicationBootstrap.java:9)
Caused by: java.lang.reflect.UndeclaredThrowableException: Failed to invoke event listener method
HandlerMethod details: 
Bean [com.alibaba.cloud.dubbo.autoconfigure.DubboServiceRegistrationAutoConfiguration]
Method [public void com.alibaba.cloud.dubbo.autoconfigure.DubboServiceRegistrationAutoConfiguration.onDubboBootstrapStarted(com.alibaba.cloud.dubbo.bootstrap.event.DubboBootstrapStartedEvent)]
Resolved arguments: 
[0] [type=com.alibaba.cloud.dubbo.bootstrap.event.DubboBootstrapStartedEvent] [value=com.alibaba.cloud.dubbo.bootstrap.event.DubboBootstrapStartedEvent[source=com.alibaba.cloud.dubbo.bootstrap.DubboBootstrapWrapper@2c2e3460]]

	at org.springframework.context.event.ApplicationListenerMethodAdapter.doInvoke(ApplicationListenerMethodAdapter.java:322)
	at org.springframework.context.event.ApplicationListenerMethodAdapter.processEvent(ApplicationListenerMethodAdapter.java:190)
	at org.springframework.context.event.ApplicationListenerMethodAdapter.onApplicationEvent(ApplicationListenerMethodAdapter.java:153)
	at org.springframework.context.event.SimpleApplicationEventMulticaster.doInvokeListener(SimpleApplicationEventMulticaster.java:172)
	at org.springframework.context.event.SimpleApplicationEventMulticaster.invokeListener(SimpleApplicationEventMulticaster.java:165)
	at org.springframework.context.event.SimpleApplicationEventMulticaster.multicastEvent(SimpleApplicationEventMulticaster.java:139)
	at org.springframework.context.support.AbstractApplicationContext.publishEvent(AbstractApplicationContext.java:404)
	at org.springframework.context.support.AbstractApplicationContext.publishEvent(AbstractApplicationContext.java:361)
	at com.alibaba.cloud.dubbo.bootstrap.DubboBootstrapStartCommandLineRunner.run(DubboBootstrapStartCommandLineRunner.java:46)
	at org.springframework.boot.SpringApplication.callRunner(SpringApplication.java:795)
	... 5 more
Caused by: java.lang.NoClassDefFoundError: org/apache/commons/lang3/StringUtils
	at org.apache.dubbo.registry.nacos.NacosRegistry.appendIfPresent(NacosRegistry.java:327)
	at org.apache.dubbo.registry.nacos.NacosRegistry.getLegacySubscribedServiceName(NacosRegistry.java:319)
	at org.apache.dubbo.registry.nacos.NacosRegistry.getServiceNames0(NacosRegistry.java:280)
	at org.apache.dubbo.registry.nacos.NacosRegistry.getServiceNames(NacosRegistry.java:267)
	at org.apache.dubbo.registry.nacos.NacosRegistry.doSubscribe(NacosRegistry.java:178)
	at org.apache.dubbo.registry.support.FailbackRegistry.subscribe(FailbackRegistry.java:333)
	at org.apache.dubbo.registry.ListenerRegistryWrapper.subscribe(ListenerRegistryWrapper.java:105)
	at org.apache.dubbo.registry.integration.RegistryProtocol.export(RegistryProtocol.java:225)
	at org.apache.dubbo.rpc.protocol.ProtocolListenerWrapper.export(ProtocolListenerWrapper.java:62)
	at org.apache.dubbo.rpc.protocol.ProtocolFilterWrapper.export(ProtocolFilterWrapper.java:153)
	at org.apache.dubbo.qos.protocol.QosProtocolWrapper.export(QosProtocolWrapper.java:64)
	at org.apache.dubbo.rpc.Protocol$Adaptive.export(Protocol$Adaptive.java)
	at org.apache.dubbo.config.ServiceConfig.doExportUrlsFor1Protocol(ServiceConfig.java:492)
	at org.apache.dubbo.config.ServiceConfig.doExportUrls(ServiceConfig.java:325)
	at org.apache.dubbo.config.ServiceConfig.doExport(ServiceConfig.java:300)
	at org.apache.dubbo.config.ServiceConfig.export(ServiceConfig.java:206)
	at com.alibaba.cloud.dubbo.service.DubboMetadataServiceExporter.export(DubboMetadataServiceExporter.java:82)
	at com.alibaba.cloud.dubbo.metadata.repository.DubboServiceMetadataRepository.getDubboMetadataServiceMetadata(DubboServiceMetadataRepository.java:296)
	at com.alibaba.cloud.dubbo.autoconfigure.DubboServiceRegistrationAutoConfiguration.attachDubboMetadataServiceMetadata(DubboServiceRegistrationAutoConfiguration.java:170)
	at com.alibaba.cloud.dubbo.autoconfigure.DubboServiceRegistrationAutoConfiguration.attachDubboMetadataServiceMetadata(DubboServiceRegistrationAutoConfiguration.java:164)
	at com.alibaba.cloud.dubbo.autoconfigure.DubboServiceRegistrationAutoConfiguration.lambda$null$0(DubboServiceRegistrationAutoConfiguration.java:129)
	at java.lang.Iterable.forEach(Iterable.java:75)
	at com.alibaba.cloud.dubbo.autoconfigure.DubboServiceRegistrationAutoConfiguration.lambda$onDubboBootstrapStarted$1(DubboServiceRegistrationAutoConfiguration.java:128)
	at java.util.concurrent.ConcurrentHashMap.forEach(ConcurrentHashMap.java:1597)
	at com.alibaba.cloud.dubbo.autoconfigure.DubboServiceRegistrationAutoConfiguration.onDubboBootstrapStarted(DubboServiceRegistrationAutoConfiguration.java:127)
	at sun.reflect.NativeMethodAccessorImpl.invoke0(Native Method)
	at sun.reflect.NativeMethodAccessorImpl.invoke(NativeMethodAccessorImpl.java:62)
	at sun.reflect.DelegatingMethodAccessorImpl.invoke(DelegatingMethodAccessorImpl.java:43)
	at java.lang.reflect.Method.invoke(Method.java:498)
	at org.springframework.context.event.ApplicationListenerMethodAdapter.doInvoke(ApplicationListenerMethodAdapter.java:305)
	... 14 more
Caused by: java.lang.ClassNotFoundException: org.apache.commons.lang3.StringUtils
	at java.net.URLClassLoader.findClass(URLClassLoader.java:387)
	at java.lang.ClassLoader.loadClass(ClassLoader.java:418)
	at sun.misc.Launcher$AppClassLoader.loadClass(Launcher.java:355)
	at java.lang.ClassLoader.loadClass(ClassLoader.java:351)
	... 44 more
